<?xml version="1.0" encoding="UTF-8"?>
<!-- Generated by org.testng.reporters.JUnitReportReporter -->
<testsuite hostname="DESKTOP-8LEOC41" name="runner.runner" tests="1" failures="0" timestamp="16 Jun 2020 07:59:55 GMT" time="0.263" errors="0">
  <testcase name="feature" time="0.263" classname="runner.runner"/>
</testsuite> <!-- runner.runner -->
